<?xml version="1.0" encoding="UTF-8"?>
<testsuite xmlns:xsi="http://www.w3.org/2001/XMLSchema-instance" xsi:noNamespaceSchemaLocation="https://maven.apache.org/surefire/maven-surefire-plugin/xsd/surefire-test-report.xsd" name="br.com.linx.vendaslinx.VendasLinxApplicationTests" time="6.422" tests="5" errors="0" skipped="0" failures="0">
  <properties>
[...]
</properties>
  <testcase name="validaInsercaoItem" classname="br.com.linx.vendaslinx.VendasLinxApplicationTests" time="0.305"/>
  <testcase name="validaEndPointListarItens" classname="br.com.linx.vendaslinx.VendasLinxApplicationTests" time="0.056"/>
  <testcase name="validaNaoInsercaoItem" classname="br.com.linx.vendaslinx.VendasLinxApplicationTests" time="0.019"/>
  <testcase name="contextLoads" classname="br.com.linx.vendaslinx.VendasLinxApplicationTests" time="0.002"/>
  <testcase name="validaEndPointListarVendas" classname="br.com.linx.vendaslinx.VendasLinxApplicationTests" time="0.012"/>
</testsuite>